# JRE version: Java(TM) SE Runtime Environment (8.0_121-b13) (build 1.8.0_121-b13)
# Java VM: Java HotSpot(TM) 64-Bit Server VM (25.121-b13 mixed mode windows-amd64 compressed oops)
Heap:
 PSYoungGen      total 141312K, used 34325K [0x00000000d5d80000, 0x00000000e1980000, 0x0000000100000000)
  eden space 130560K, 18% used [0x00000000d5d80000,0x00000000d74896e8,0x00000000ddd00000)
  from space 10752K, 99% used [0x00000000ddd00000,0x00000000de77bd80,0x00000000de780000)
  to   space 12800K, 0% used [0x00000000e0d00000,0x00000000e0d00000,0x00000000e1980000)
 ParOldGen       total 60928K, used 12100K [0x0000000081800000, 0x0000000085380000, 0x00000000d5d80000)
  object space 60928K, 19% used [0x0000000081800000,0x00000000823d10f8,0x0000000085380000)
 Metaspace       used 34967K, capacity 35390K, committed 35496K, reserved 1081344K
  class space    used 4235K, capacity 4346K, committed 4352K, reserved 1048576K
GC Heap History (10 events):
Event: 3.882 GC heap before
{Heap before GC invocations=4 (full 0):
 PSYoungGen      total 38400K, used 38394K [0x00000000d5d80000, 0x00000000da880000, 0x0000000100000000)
  eden space 33280K, 100% used [0x00000000d5d80000,0x00000000d7e00000,0x00000000d7e00000)
  from space 5120K, 99% used [0x00000000d7e00000,0x00000000d82fe870,0x00000000d8300000)
  to   space 5120K, 0% used [0x00000000da380000,0x00000000da380000,0x00000000da880000)
 ParOldGen       total 87552K, used 9818K [0x0000000081800000, 0x0000000086d80000, 0x00000000d5d80000)
  object space 87552K, 11% used [0x0000000081800000,0x0000000082196b48,0x0000000086d80000)
 Metaspace       used 20368K, capacity 20692K, committed 21120K, reserved 1067008K
  class space    used 2464K, capacity 2567K, committed 2688K, reserved 1048576K
Event: 3.900 GC heap after
Heap after GC invocations=4 (full 0):
 PSYoungGen      total 71680K, used 5112K [0x00000000d5d80000, 0x00000000da880000, 0x0000000100000000)
  eden space 66560K, 0% used [0x00000000d5d80000,0x00000000d5d80000,0x00000000d9e80000)
  from space 5120K, 99% used [0x00000000da380000,0x00000000da87e050,0x00000000da880000)
  to   space 5120K, 0% used [0x00000000d9e80000,0x00000000d9e80000,0x00000000da380000)
 ParOldGen       total 87552K, used 11219K [0x0000000081800000, 0x0000000086d80000, 0x00000000d5d80000)
  object space 87552K, 12% used [0x0000000081800000,0x00000000822f4cb8,0x0000000086d80000)
 Metaspace       used 20368K, capacity 20692K, committed 21120K, reserved 1067008K
  class space    used 2464K, capacity 2567K, committed 2688K, reserved 1048576K
}
Event: 4.142 GC heap before
{Heap before GC invocations=5 (full 0):
 PSYoungGen      total 71680K, used 20264K [0x00000000d5d80000, 0x00000000da880000, 0x0000000100000000)
  eden space 66560K, 22% used [0x00000000d5d80000,0x00000000d6c4c110,0x00000000d9e80000)
  from space 5120K, 99% used [0x00000000da380000,0x00000000da87e050,0x00000000da880000)
  to   space 5120K, 0% used [0x00000000d9e80000,0x00000000d9e80000,0x00000000da380000)
 ParOldGen       total 87552K, used 11219K [0x0000000081800000, 0x0000000086d80000, 0x00000000d5d80000)
  object space 87552K, 12% used [0x0000000081800000,0x00000000822f4cb8,0x0000000086d80000)
 Metaspace       used 20767K, capacity 21062K, committed 21296K, reserved 1069056K
  class space    used 2505K, capacity 2602K, committed 2688K, reserved 1048576K
Event: 4.164 GC heap after
Heap after GC invocations=5 (full 0):
 PSYoungGen      total 71680K, used 5096K [0x00000000d5d80000, 0x00000000df580000, 0x0000000100000000)
  eden space 66560K, 0% used [0x00000000d5d80000,0x00000000d5d80000,0x00000000d9e80000)
  from space 5120K, 99% used [0x00000000d9e80000,0x00000000da37a040,0x00000000da380000)
  to   space 11264K, 0% used [0x00000000dea80000,0x00000000dea80000,0x00000000df580000)
 ParOldGen       total 87552K, used 11813K [0x0000000081800000, 0x0000000086d80000, 0x00000000d5d80000)
  object space 87552K, 13% used [0x0000000081800000,0x00000000823896f0,0x0000000086d80000)
 Metaspace       used 20767K, capacity 21062K, committed 21296K, reserved 1069056K
  class space    used 2505K, capacity 2602K, committed 2688K, reserved 1048576K
}
Event: 4.164 GC heap before
{Heap before GC invocations=6 (full 1):
 PSYoungGen      total 71680K, used 5096K [0x00000000d5d80000, 0x00000000df580000, 0x0000000100000000)
  eden space 66560K, 0% used [0x00000000d5d80000,0x00000000d5d80000,0x00000000d9e80000)
  from space 5120K, 99% used [0x00000000d9e80000,0x00000000da37a040,0x00000000da380000)
  to   space 11264K, 0% used [0x00000000dea80000,0x00000000dea80000,0x00000000df580000)
 ParOldGen       total 87552K, used 11813K [0x0000000081800000, 0x0000000086d80000, 0x00000000d5d80000)
  object space 87552K, 13% used [0x0000000081800000,0x00000000823896f0,0x0000000086d80000)
 Metaspace       used 20767K, capacity 21062K, committed 21296K, reserved 1069056K
  class space    used 2505K, capacity 2602K, committed 2688K, reserved 1048576K
Event: 4.238 GC heap after
Heap after GC invocations=6 (full 1):
 PSYoungGen      total 71680K, used 0K [0x00000000d5d80000, 0x00000000df580000, 0x0000000100000000)
  eden space 66560K, 0% used [0x00000000d5d80000,0x00000000d5d80000,0x00000000d9e80000)
  from space 5120K, 0% used [0x00000000d9e80000,0x00000000d9e80000,0x00000000da380000)
  to   space 11264K, 0% used [0x00000000dea80000,0x00000000dea80000,0x00000000df580000)
 ParOldGen       total 60928K, used 9914K [0x0000000081800000, 0x0000000085380000, 0x00000000d5d80000)
  object space 60928K, 16% used [0x0000000081800000,0x00000000821aeba8,0x0000000085380000)
 Metaspace       used 20767K, capacity 21062K, committed 21296K, reserved 1069056K
  class space    used 2505K, capacity 2602K, committed 2688K, reserved 1048576K
}
Event: 6.035 GC heap before
{Heap before GC invocations=7 (full 1):
 PSYoungGen      total 71680K, used 66560K [0x00000000d5d80000, 0x00000000df580000, 0x0000000100000000)
  eden space 66560K, 100% used [0x00000000d5d80000,0x00000000d9e80000,0x00000000d9e80000)
  from space 5120K, 0% used [0x00000000d9e80000,0x00000000d9e80000,0x00000000da380000)
  to   space 11264K, 0% used [0x00000000dea80000,0x00000000dea80000,0x00000000df580000)
 ParOldGen       total 60928K, used 9914K [0x0000000081800000, 0x0000000085380000, 0x00000000d5d80000)
  object space 60928K, 16% used [0x0000000081800000,0x00000000821aeba8,0x0000000085380000)
 Metaspace       used 27421K, capacity 27760K, committed 28032K, reserved 1073152K
  class space    used 3279K, capacity 3377K, committed 3456K, reserved 1048576K
Event: 6.049 GC heap after
Heap after GC invocations=7 (full 1):
 PSYoungGen      total 114688K, used 7370K [0x00000000d5d80000, 0x00000000df200000, 0x0000000100000000)
  eden space 107008K, 0% used [0x00000000d5d80000,0x00000000d5d80000,0x00000000dc600000)
  from space 7680K, 95% used [0x00000000dea80000,0x00000000df1b2a80,0x00000000df200000)
  to   space 10752K, 0% used [0x00000000ddd00000,0x00000000ddd00000,0x00000000de780000)
 ParOldGen       total 60928K, used 9922K [0x0000000081800000, 0x0000000085380000, 0x00000000d5d80000)
  object space 60928K, 16% used [0x0000000081800000,0x00000000821b0ba8,0x0000000085380000)
 Metaspace       used 27421K, capacity 27760K, committed 28032K, reserved 1073152K
  class space    used 3279K, capacity 3377K, committed 3456K, reserved 1048576K
}
Event: 9.192 GC heap before
{Heap before GC invocations=8 (full 1):
 PSYoungGen      total 114688K, used 114378K [0x00000000d5d80000, 0x00000000df200000, 0x0000000100000000)
  eden space 107008K, 100% used [0x00000000d5d80000,0x00000000dc600000,0x00000000dc600000)
  from space 7680K, 95% used [0x00000000dea80000,0x00000000df1b2a80,0x00000000df200000)
  to   space 10752K, 0% used [0x00000000ddd00000,0x00000000ddd00000,0x00000000de780000)
 ParOldGen       total 60928K, used 9922K [0x0000000081800000, 0x0000000085380000, 0x00000000d5d80000)
  object space 60928K, 16% used [0x0000000081800000,0x00000000821b0ba8,0x0000000085380000)
 Metaspace       used 34356K, capacity 34656K, committed 35072K, reserved 1079296K
  class space    used 4158K, capacity 4245K, committed 4352K, reserved 1048576K
Event: 9.216 GC heap after
Heap after GC invocations=8 (full 1):
 PSYoungGen      total 141312K, used 10735K [0x00000000d5d80000, 0x00000000e1980000, 0x0000000100000000)
  eden space 130560K, 0% used [0x00000000d5d80000,0x00000000d5d80000,0x00000000ddd00000)
  from space 10752K, 99% used [0x00000000ddd00000,0x00000000de77bd80,0x00000000de780000)
  to   space 12800K, 0% used [0x00000000e0d00000,0x00000000e0d00000,0x00000000e1980000)
 ParOldGen       total 60928K, used 12100K [0x0000000081800000, 0x0000000085380000, 0x00000000d5d80000)
  object space 60928K, 19% used [0x0000000081800000,0x00000000823d10f8,0x0000000085380000)
 Metaspace       used 34356K, capacity 34656K, committed 35072K, reserved 1079296K
  class space    used 4158K, capacity 4245K, committed 4352K, reserved 1048576K
}

